<?xml version="1.0" encoding="UTF-8"?>
<!-- Generated by org.testng.reporters.JUnitReportReporter -->
<testsuite skipped="0" hostname="LAPTOP-6OUD81RG" name="com.iqvia.api.automation.test.CountriesAPITest" tests="5" failures="0" timestamp="19 Mar 2020 15:47:29 GMT" time="1.721" errors="0">
  <testcase name="verifySelectedCapitalInfo" time="0.740" classname="com.iqvia.api.automation.test.CountriesAPITest"/>
  <testcase name="checkStatusCode" time="0.007" classname="com.iqvia.api.automation.test.CountriesAPITest"/>
  <testcase name="setCityFromJsonResponse" time="0.165" classname="com.iqvia.api.automation.test.CountriesAPITest"/>
  <testcase name="verifyStatusLine" time="0.005" classname="com.iqvia.api.automation.test.CountriesAPITest"/>
  <testcase name="verifyCountryCode" time="0.804" classname="com.iqvia.api.automation.test.CountriesAPITest"/>
</testsuite> <!-- com.iqvia.api.automation.test.CountriesAPITest -->
